{
  "stats": {
    "suites": 2,
    "tests": 2,
    "passes": 2,
    "pending": 0,
    "failures": 0,
    "start": "2025-01-03T16:42:08.181Z",
    "end": "2025-01-03T16:42:13.419Z",
    "duration": 5238,
    "testsRegistered": 2,
    "passPercent": 100,
    "pendingPercent": 0,
    "other": 0,
    "hasOther": false,
    "skipped": 0,
    "hasSkipped": false
  },
  "results": [
    {
      "uuid": "c0267acc-cd8a-4452-bc09-ab439d2f3e37",
      "title": "",
      "fullFile": "cypress\\e2e\\cadastro-correto.cy.js",
      "file": "cypress\\e2e\\cadastro-correto.cy.js",
      "beforeHooks": [],
      "afterHooks": [],
      "tests": [],
      "suites": [
        {
          "uuid": "9174888d-c734-4651-a827-4327d7e05503",
          "title": "Cadastrar um usuario corretamente",
          "fullFile": "",
          "file": "",
          "beforeHooks": [],
          "afterHooks": [],
          "tests": [
            {
              "title": "Preencher os campos corretamente",
              "fullTitle": "Cadastrar um usuario corretamente Preencher os campos corretamente",
              "timedOut": null,
              "duration": 3691,
              "state": "passed",
              "speed": "fast",
              "pass": true,
              "fail": false,
              "pending": false,
              "context": null,
              "code": "cy.cadastroUsuario(_faker.fakerPT_BR.internet.username(), _faker.fakerPT_BR.internet.email(), password);",
              "err": {},
              "uuid": "e7de2895-ed41-4809-a73c-99f9aeaf8006",
              "parentUUID": "9174888d-c734-4651-a827-4327d7e05503",
              "isHook": false,
              "skipped": false
            }
          ],
          "suites": [],
          "passes": [
            "e7de2895-ed41-4809-a73c-99f9aeaf8006"
          ],
          "failures": [],
          "pending": [],
          "skipped": [],
          "duration": 3691,
          "root": false,
          "rootEmpty": false,
          "_timeout": 2000
        },
        {
          "uuid": "5c790185-e9d4-4b23-9053-6fee3f9a9c7c",
          "title": "Cadastrar um usuario com senha incorreta",
          "fullFile": "",
          "file": "",
          "beforeHooks": [],
          "afterHooks": [],
          "tests": [
            {
              "title": "Preencher os campos incorretamente",
              "fullTitle": "Cadastrar um usuario com senha incorreta Preencher os campos incorretamente",
              "timedOut": null,
              "duration": 1378,
              "state": "passed",
              "speed": "fast",
              "pass": true,
              "fail": false,
              "pending": false,
              "context": null,
              "code": "const invalidEmail = \"emailinvalido.com\";\nconst invalidPassword = \"123\";\ncy.cadastroUsuario('Teste', invalidEmail, invalidPassword);",
              "err": {},
              "uuid": "a25a626c-6044-4798-9bf7-040aa2d27022",
              "parentUUID": "5c790185-e9d4-4b23-9053-6fee3f9a9c7c",
              "isHook": false,
              "skipped": false
            }
          ],
          "suites": [],
          "passes": [
            "a25a626c-6044-4798-9bf7-040aa2d27022"
          ],
          "failures": [],
          "pending": [],
          "skipped": [],
          "duration": 1378,
          "root": false,
          "rootEmpty": false,
          "_timeout": 2000
        }
      ],
      "passes": [],
      "failures": [],
      "pending": [],
      "skipped": [],
      "duration": 0,
      "root": true,
      "rootEmpty": true,
      "_timeout": 2000
    }
  ],
  "meta": {
    "mocha": {
      "version": "7.0.1"
    },
    "mochawesome": {
      "options": {
        "quiet": false,
        "reportFilename": "mochawesome",
        "saveHtml": true,
        "saveJson": true,
        "consoleReporter": "spec",
        "useInlineDiffs": false,
        "code": true
      },
      "version": "7.1.3"
    },
    "marge": {
      "options": {
        "reportDir": "cypress/results",
        "overwrite": false,
        "html": true,
        "json": true,
        "timestamp": "mmddyyyy_HHMMss"
      },
      "version": "6.2.0"
    }
  }
}