{
  "stats": {
    "suites": 3,
    "tests": 2,
    "passes": 2,
    "pending": 0,
    "failures": 0,
    "start": "2025-01-03T16:42:16.972Z",
    "end": "2025-01-03T16:42:18.199Z",
    "duration": 1227,
    "testsRegistered": 2,
    "passPercent": 100,
    "pendingPercent": 0,
    "other": 0,
    "hasOther": false,
    "skipped": 0,
    "hasSkipped": false
  },
  "results": [
    {
      "uuid": "0721edbd-0bb0-46b0-9f4b-b78d58669352",
      "title": "",
      "fullFile": "cypress\\e2e\\inicio.cy.js",
      "file": "cypress\\e2e\\inicio.cy.js",
      "beforeHooks": [],
      "afterHooks": [],
      "tests": [],
      "suites": [
        {
          "uuid": "921902b0-543a-4343-a57b-7aa18b08330a",
          "title": "Testando a tela inicial e vendo se os componentes estao nela",
          "fullFile": "",
          "file": "",
          "beforeHooks": [],
          "afterHooks": [],
          "tests": [],
          "suites": [
            {
              "uuid": "9b0793ae-7212-41b9-904b-dee2659176f0",
              "title": "Verificar se a url está correta",
              "fullFile": "",
              "file": "",
              "beforeHooks": [],
              "afterHooks": [],
              "tests": [
                {
                  "title": "Utilizando o metodo url",
                  "fullTitle": "Testando a tela inicial e vendo se os componentes estao nela Verificar se a url está correta Utilizando o metodo url",
                  "timedOut": null,
                  "duration": 896,
                  "state": "passed",
                  "speed": "fast",
                  "pass": true,
                  "fail": false,
                  "pending": false,
                  "context": null,
                  "code": "cy.url().should('eq', 'http://localhost:3000/');",
                  "err": {},
                  "uuid": "5f9bd2c8-343a-4ccb-9d84-860ddf005aae",
                  "parentUUID": "9b0793ae-7212-41b9-904b-dee2659176f0",
                  "isHook": false,
                  "skipped": false
                }
              ],
              "suites": [],
              "passes": [
                "5f9bd2c8-343a-4ccb-9d84-860ddf005aae"
              ],
              "failures": [],
              "pending": [],
              "skipped": [],
              "duration": 896,
              "root": false,
              "rootEmpty": false,
              "_timeout": 2000
            },
            {
              "uuid": "0b905281-5e6d-4c25-b7f5-1d7aedd9d94f",
              "title": "Verificando se os componentes da pagina estão corretos",
              "fullFile": "",
              "file": "",
              "beforeHooks": [],
              "afterHooks": [],
              "tests": [
                {
                  "title": "Verificar se o titulo está correto e as outras partes",
                  "fullTitle": "Testando a tela inicial e vendo se os componentes estao nela Verificando se os componentes da pagina estão corretos Verificar se o titulo está correto e as outras partes",
                  "timedOut": null,
                  "duration": 198,
                  "state": "passed",
                  "speed": "fast",
                  "pass": true,
                  "fail": false,
                  "pending": false,
                  "context": null,
                  "code": "cy.getByData('titulo-principal').should('contain', 'Experimente mais liberdade no controle da sua vida financeira. Crie sua conta com a gente!');\ncy.get('.Inicio_vantagens__iwnyv').should('contain', 'Vantagens do nosso banco:');",
                  "err": {},
                  "uuid": "64cf22b3-ac31-4fde-8f65-5cd990d9e834",
                  "parentUUID": "0b905281-5e6d-4c25-b7f5-1d7aedd9d94f",
                  "isHook": false,
                  "skipped": false
                }
              ],
              "suites": [],
              "passes": [
                "64cf22b3-ac31-4fde-8f65-5cd990d9e834"
              ],
              "failures": [],
              "pending": [],
              "skipped": [],
              "duration": 198,
              "root": false,
              "rootEmpty": false,
              "_timeout": 2000
            }
          ],
          "passes": [],
          "failures": [],
          "pending": [],
          "skipped": [],
          "duration": 0,
          "root": false,
          "rootEmpty": false,
          "_timeout": 2000
        }
      ],
      "passes": [],
      "failures": [],
      "pending": [],
      "skipped": [],
      "duration": 0,
      "root": true,
      "rootEmpty": true,
      "_timeout": 2000
    }
  ],
  "meta": {
    "mocha": {
      "version": "7.0.1"
    },
    "mochawesome": {
      "options": {
        "quiet": false,
        "reportFilename": "mochawesome",
        "saveHtml": true,
        "saveJson": true,
        "consoleReporter": "spec",
        "useInlineDiffs": false,
        "code": true
      },
      "version": "7.1.3"
    },
    "marge": {
      "options": {
        "reportDir": "cypress/results",
        "overwrite": false,
        "html": true,
        "json": true,
        "timestamp": "mmddyyyy_HHMMss"
      },
      "version": "6.2.0"
    }
  }
}